\BOOKMARK [1][-]{section.1}{\376\377\226\306\124\010}{}% 1
\BOOKMARK [2][-]{subsection.1.1}{\376\377\133\120\226\306\145\317}{section.1}% 2
\BOOKMARK [2][-]{subsection.1.2}{\376\377\226\306\124\010\166\204\136\217\121\163\174\373}{section.1}% 3
\BOOKMARK [2][-]{subsection.1.3}{\376\377\226\306\124\010\122\027}{section.1}% 4
\BOOKMARK [1][-]{section.2}{\376\377\155\113\136\246\213\272\000\040\000I}{}% 5
\BOOKMARK [2][-]{subsection.2.1}{\376\377\000-\116\343\145\160}{section.2}% 6
\BOOKMARK [2][-]{subsection.2.2}{\376\377\123\357\155\113\172\172\225\364}{section.2}% 7
\BOOKMARK [2][-]{subsection.2.3}{\376\377\123\357\155\113\146\040\134\004}{section.2}% 8
\BOOKMARK [2][-]{subsection.2.4}{\376\377\000[\0000\000,\000]\116\012\166\204\116\343\145\160\217\320\173\227}{section.2}% 9
\BOOKMARK [2][-]{subsection.2.5}{\376\377\155\113\136\246}{section.2}% 10
\BOOKMARK [2][-]{subsection.2.6}{\376\377\131\026\155\113\136\246}{section.2}% 11
\BOOKMARK [2][-]{subsection.2.7}{\376\377\000L\000e\000b\000e\000s\000g\000u\000e\131\026\155\113\136\246}{section.2}% 12
\BOOKMARK [2][-]{subsection.2.8}{\376\377\000C\000a\000r\000a\000t\000h\000\351\000o\000d\000o\000r\000y\147\141\116\366}{section.2}% 13
\BOOKMARK [2][-]{subsection.2.9}{\376\377\000L\000e\000b\000e\000s\000g\000u\000e\155\113\136\246}{section.2}% 14
\BOOKMARK [2][-]{subsection.2.10}{\376\377\000V\000i\000t\000a\000l\000i\226\306}{section.2}% 15
\BOOKMARK [2][-]{subsection.2.11}{\376\377\116\130\171\357\155\113\136\246}{section.2}% 16
\BOOKMARK [2][-]{subsection.2.12}{\376\377\226\366\155\113\226\306}{section.2}% 17
\BOOKMARK [2][-]{subsection.2.13}{\376\377\162\171\137\201\121\375\145\160}{section.2}% 18
\BOOKMARK [2][-]{subsection.2.14}{\376\377\173\200\123\125\121\375\145\160}{section.2}% 19
\BOOKMARK [1][-]{section.3}{\376\377\172\172\225\364\116\016\145\066\145\133}{}% 20
\BOOKMARK [2][-]{subsection.3.1}{\376\377\176\277\140\047\172\172\225\364}{section.3}% 21
\BOOKMARK [2][-]{subsection.3.2}{\376\377\142\323\142\121\172\172\225\364}{section.3}% 22
\BOOKMARK [2][-]{subsection.3.3}{\376\377\217\336\176\355\146\040\134\004}{section.3}% 23
\BOOKMARK [2][-]{subsection.3.4}{\376\377\000H\000a\000u\000s\000d\000o\000r\000f\000f\172\172\225\364}{section.3}% 24
